app/build/intermediates/manifest_merge_blame_file/release/manifest-merger-blame-release-report.txt
1<?xml version="1.0" encoding="utf-8"?>
2<manifest xmlns:android="http://schemas.android.com/apk/res/android"
3    package="com.wklabs.air_monitor"
4    android:versionCode="1"
5    android:versionName="1.0" >
6
7    <uses-sdk
8        android:minSdkVersion="18"
8-->src/main/AndroidManifest.xml
9        android:targetSdkVersion="31" />
9-->src/main/AndroidManifest.xml
10
11    <uses-permission android:name="android.permission.FOREGROUND_SERVICE" />
11-->src/main/AndroidManifest.xml:5:5-77
11-->src/main/AndroidManifest.xml:5:22-74
12    <!-- <= 30 + Xiaomi/MIUI -->
13    <uses-permission
13-->src/main/AndroidManifest.xml:7:5-94
14        android:name="android.permission.BLUETOOTH"
14-->src/main/AndroidManifest.xml:7:22-65
15        android:maxSdkVersion="32" />
15-->src/main/AndroidManifest.xml:7:66-92
16    <uses-permission
16-->src/main/AndroidManifest.xml:8:5-100
17        android:name="android.permission.BLUETOOTH_ADMIN"
17-->src/main/AndroidManifest.xml:8:22-71
18        android:maxSdkVersion="30" />
18-->src/main/AndroidManifest.xml:8:72-98
19    <!-- >= API 31 -->
20    <uses-permission android:name="android.permission.BLUETOOTH_CONNECT" />
20-->src/main/AndroidManifest.xml:10:5-75
20-->src/main/AndroidManifest.xml:10:22-73
21
22    <!-- mipmap/ic_launcher created with Android Studio -> New -> Image Asset using @color/colorPrimaryDark as background color -->
23    <application
23-->src/main/AndroidManifest.xml:13:5-28:19
24        android:appComponentFactory="androidx.core.app.CoreComponentFactory"
24-->[androidx.core:core:1.7.0] AndroidManifest.xml:24:18-86
25        android:icon="@mipmap/ic_launcher"
25-->src/main/AndroidManifest.xml:14:9-43
26        android:label="@string/app_name"
26-->src/main/AndroidManifest.xml:15:9-41
27        android:theme="@style/AppTheme" >
27-->src/main/AndroidManifest.xml:16:9-40
28        <activity
28-->src/main/AndroidManifest.xml:18:9-26:20
29            android:name="com.wklabs.air_monitor.MainActivity"
29-->src/main/AndroidManifest.xml:19:13-63
30            android:exported="true"
30-->src/main/AndroidManifest.xml:21:13-36
31            android:windowSoftInputMode="stateHidden|adjustResize" >
31-->src/main/AndroidManifest.xml:20:13-67
32            <intent-filter>
32-->src/main/AndroidManifest.xml:22:13-25:29
33                <action android:name="android.intent.action.MAIN" />
33-->src/main/AndroidManifest.xml:23:17-69
33-->src/main/AndroidManifest.xml:23:25-66
34
35                <category android:name="android.intent.category.LAUNCHER" />
35-->src/main/AndroidManifest.xml:24:17-77
35-->src/main/AndroidManifest.xml:24:27-74
36            </intent-filter>
37        </activity>
38
39        <service android:name="com.wklabs.air_monitor.SerialService" />
39-->src/main/AndroidManifest.xml:27:9-72
39-->src/main/AndroidManifest.xml:27:18-69
40
41        <provider
41-->[androidx.emoji2:emoji2:1.0.0] AndroidManifest.xml:26:9-34:20
42            android:name="androidx.startup.InitializationProvider"
42-->[androidx.emoji2:emoji2:1.0.0] AndroidManifest.xml:27:13-67
43            android:authorities="com.wklabs.air_monitor.androidx-startup"
43-->[androidx.emoji2:emoji2:1.0.0] AndroidManifest.xml:28:13-68
44            android:exported="false" >
44-->[androidx.emoji2:emoji2:1.0.0] AndroidManifest.xml:29:13-37
45            <meta-data
45-->[androidx.emoji2:emoji2:1.0.0] AndroidManifest.xml:31:13-33:52
46                android:name="androidx.emoji2.text.EmojiCompatInitializer"
46-->[androidx.emoji2:emoji2:1.0.0] AndroidManifest.xml:32:17-75
47                android:value="androidx.startup" />
47-->[androidx.emoji2:emoji2:1.0.0] AndroidManifest.xml:33:17-49
48            <meta-data
48-->[androidx.lifecycle:lifecycle-process:2.4.0] AndroidManifest.xml:31:13-33:52
49                android:name="androidx.lifecycle.ProcessLifecycleInitializer"
49-->[androidx.lifecycle:lifecycle-process:2.4.0] AndroidManifest.xml:32:17-78
50                android:value="androidx.startup" />
50-->[androidx.lifecycle:lifecycle-process:2.4.0] AndroidManifest.xml:33:17-49
51        </provider>
52    </application>
53
54</manifest>